{"/home/t/Desktop/projects/github/semantic-redux-form-fields/dist/semantic-ui-redux-form-fields.js": {"path":"/home/t/Desktop/projects/github/semantic-redux-form-fields/dist/semantic-ui-redux-form-fields.js","statementMap":{"0":{"start":{"line":30,"column":0},"end":{"line":217,"column":3}},"1":{"start":{"line":31,"column":1},"end":{"line":38,"column":584}},"2":{"start":{"line":32,"column":2},"end":{"line":32,"column":597}},"3":{"start":{"line":33,"column":6},"end":{"line":38,"column":584}},"4":{"start":{"line":34,"column":2},"end":{"line":34,"column":482}},"5":{"start":{"line":35,"column":6},"end":{"line":38,"column":584}},"6":{"start":{"line":36,"column":2},"end":{"line":36,"column":623}},"7":{"start":{"line":38,"column":2},"end":{"line":38,"column":584}},"8":{"start":{"line":40,"column":0},"end":{"line":216,"column":12}},"9":{"start":{"line":42,"column":33},"end":{"line":42,"column":35}},"10":{"start":{"line":48,"column":11},"end":{"line":50,"column":12}},"11":{"start":{"line":49,"column":12},"end":{"line":49,"column":54}},"12":{"start":{"line":52,"column":24},"end":{"line":56,"column":12}},"13":{"start":{"line":59,"column":11},"end":{"line":59,"column":95}},"14":{"start":{"line":62,"column":11},"end":{"line":62,"column":27}},"15":{"start":{"line":65,"column":11},"end":{"line":65,"column":33}},"16":{"start":{"line":70,"column":10},"end":{"line":70,"column":42}},"17":{"start":{"line":73,"column":10},"end":{"line":73,"column":51}},"18":{"start":{"line":76,"column":10},"end":{"line":84,"column":12}},"19":{"start":{"line":77,"column":11},"end":{"line":83,"column":12}},"20":{"start":{"line":78,"column":12},"end":{"line":82,"column":15}},"21":{"start":{"line":87,"column":10},"end":{"line":93,"column":12}},"22":{"start":{"line":88,"column":24},"end":{"line":90,"column":58}},"23":{"start":{"line":89,"column":36},"end":{"line":89,"column":61}},"24":{"start":{"line":90,"column":42},"end":{"line":90,"column":56}},"25":{"start":{"line":91,"column":11},"end":{"line":91,"column":54}},"26":{"start":{"line":92,"column":11},"end":{"line":92,"column":25}},"27":{"start":{"line":96,"column":10},"end":{"line":96,"column":128}},"28":{"start":{"line":96,"column":63},"end":{"line":96,"column":125}},"29":{"start":{"line":99,"column":10},"end":{"line":99,"column":37}},"30":{"start":{"line":102,"column":10},"end":{"line":102,"column":64}},"31":{"start":{"line":110,"column":0},"end":{"line":110,"column":74}},"32":{"start":{"line":111,"column":31},"end":{"line":111,"column":127}},"33":{"start":{"line":111,"column":103},"end":{"line":111,"column":123}},"34":{"start":{"line":112,"column":31},"end":{"line":112,"column":113}},"35":{"start":{"line":112,"column":96},"end":{"line":112,"column":109}},"36":{"start":{"line":113,"column":31},"end":{"line":113,"column":119}},"37":{"start":{"line":113,"column":99},"end":{"line":113,"column":115}},"38":{"start":{"line":114,"column":31},"end":{"line":114,"column":119}},"39":{"start":{"line":114,"column":99},"end":{"line":114,"column":115}},"40":{"start":{"line":115,"column":31},"end":{"line":115,"column":119}},"41":{"start":{"line":115,"column":99},"end":{"line":115,"column":115}},"42":{"start":{"line":116,"column":31},"end":{"line":116,"column":113}},"43":{"start":{"line":116,"column":96},"end":{"line":116,"column":109}},"44":{"start":{"line":117,"column":77},"end":{"line":117,"column":99}},"45":{"start":{"line":118,"column":85},"end":{"line":118,"column":157}},"46":{"start":{"line":119,"column":82},"end":{"line":119,"column":104}},"47":{"start":{"line":120,"column":90},"end":{"line":120,"column":167}},"48":{"start":{"line":121,"column":72},"end":{"line":121,"column":94}},"49":{"start":{"line":122,"column":80},"end":{"line":122,"column":147}},"50":{"start":{"line":123,"column":75},"end":{"line":123,"column":97}},"51":{"start":{"line":124,"column":83},"end":{"line":124,"column":153}},"52":{"start":{"line":125,"column":114},"end":{"line":125,"column":136}},"53":{"start":{"line":126,"column":122},"end":{"line":126,"column":231}},"54":{"start":{"line":127,"column":108},"end":{"line":127,"column":130}},"55":{"start":{"line":128,"column":116},"end":{"line":128,"column":219}},"56":{"start":{"line":129,"column":110},"end":{"line":129,"column":132}},"57":{"start":{"line":130,"column":118},"end":{"line":130,"column":223}},"58":{"start":{"line":131,"column":111},"end":{"line":131,"column":133}},"59":{"start":{"line":132,"column":119},"end":{"line":132,"column":225}},"60":{"start":{"line":133,"column":115},"end":{"line":133,"column":137}},"61":{"start":{"line":134,"column":123},"end":{"line":134,"column":233}},"62":{"start":{"line":135,"column":115},"end":{"line":135,"column":138}},"63":{"start":{"line":136,"column":123},"end":{"line":136,"column":233}},"64":{"start":{"line":137,"column":64},"end":{"line":137,"column":87}},"65":{"start":{"line":138,"column":72},"end":{"line":138,"column":131}},"66":{"start":{"line":139,"column":69},"end":{"line":139,"column":92}},"67":{"start":{"line":140,"column":77},"end":{"line":140,"column":141}},"68":{"start":{"line":141,"column":13},"end":{"line":141,"column":171}},"69":{"start":{"line":141,"column":40},"end":{"line":141,"column":162}},"70":{"start":{"line":141,"column":77},"end":{"line":141,"column":162}},"71":{"start":{"line":141,"column":107},"end":{"line":141,"column":162}},"72":{"start":{"line":141,"column":162},"end":{"line":141,"column":170}},"73":{"start":{"line":141,"column":217},"end":{"line":141,"column":219}},"74":{"start":{"line":141,"column":220},"end":{"line":141,"column":307}},"75":{"start":{"line":141,"column":235},"end":{"line":141,"column":307}},"76":{"start":{"line":141,"column":307},"end":{"line":141,"column":315}},"77":{"start":{"line":141,"column":337},"end":{"line":141,"column":1153}},"78":{"start":{"line":141,"column":1170},"end":{"line":141,"column":1230}},"79":{"start":{"line":141,"column":1237},"end":{"line":141,"column":1366}},"80":{"start":{"line":141,"column":1248},"end":{"line":141,"column":1316}},"81":{"start":{"line":141,"column":1298},"end":{"line":141,"column":1316}},"82":{"start":{"line":141,"column":1316},"end":{"line":141,"column":1365}},"83":{"start":{"line":141,"column":1384},"end":{"line":141,"column":1690}},"84":{"start":{"line":141,"column":1398},"end":{"line":141,"column":1689}},"85":{"start":{"line":141,"column":1479},"end":{"line":141,"column":1685}},"86":{"start":{"line":141,"column":1525},"end":{"line":141,"column":1529}},"87":{"start":{"line":141,"column":1530},"end":{"line":141,"column":1684}},"88":{"start":{"line":141,"column":1567},"end":{"line":141,"column":1635}},"89":{"start":{"line":141,"column":1617},"end":{"line":141,"column":1635}},"90":{"start":{"line":141,"column":1635},"end":{"line":141,"column":1671}},"91":{"start":{"line":141,"column":1700},"end":{"line":141,"column":1938}},"92":{"start":{"line":141,"column":1718},"end":{"line":141,"column":1727}},"93":{"start":{"line":141,"column":1730},"end":{"line":141,"column":1737}},"94":{"start":{"line":141,"column":1738},"end":{"line":141,"column":1937}},"95":{"start":{"line":141,"column":1954},"end":{"line":141,"column":2145}},"96":{"start":{"line":141,"column":1972},"end":{"line":141,"column":1983}},"97":{"start":{"line":141,"column":1986},"end":{"line":141,"column":1993}},"98":{"start":{"line":141,"column":1996},"end":{"line":141,"column":2008}},"99":{"start":{"line":141,"column":2011},"end":{"line":141,"column":2021}},"100":{"start":{"line":141,"column":2024},"end":{"line":141,"column":2033}},"101":{"start":{"line":141,"column":2034},"end":{"line":141,"column":2144}},"102":{"start":{"line":141,"column":2159},"end":{"line":141,"column":2987}},"103":{"start":{"line":141,"column":2177},"end":{"line":141,"column":2875}},"104":{"start":{"line":141,"column":2195},"end":{"line":141,"column":2206}},"105":{"start":{"line":141,"column":2209},"end":{"line":141,"column":2221}},"106":{"start":{"line":141,"column":2224},"end":{"line":141,"column":2236}},"107":{"start":{"line":141,"column":2239},"end":{"line":141,"column":2245}},"108":{"start":{"line":141,"column":2248},"end":{"line":141,"column":2257}},"109":{"start":{"line":141,"column":2260},"end":{"line":141,"column":2267}},"110":{"start":{"line":141,"column":2270},"end":{"line":141,"column":2280}},"111":{"start":{"line":141,"column":2283},"end":{"line":141,"column":2293}},"112":{"start":{"line":141,"column":2296},"end":{"line":141,"column":2392}},"113":{"start":{"line":141,"column":2393},"end":{"line":141,"column":2874}},"114":{"start":{"line":141,"column":2876},"end":{"line":141,"column":2905}},"115":{"start":{"line":141,"column":2911},"end":{"line":141,"column":2945}},"116":{"start":{"line":141,"column":2946},"end":{"line":141,"column":2986}},"117":{"start":{"line":141,"column":3002},"end":{"line":141,"column":3320}},"118":{"start":{"line":141,"column":3020},"end":{"line":141,"column":3034}},"119":{"start":{"line":141,"column":3037},"end":{"line":141,"column":3044}},"120":{"start":{"line":141,"column":3047},"end":{"line":141,"column":3099}},"121":{"start":{"line":141,"column":3102},"end":{"line":141,"column":3140}},"122":{"start":{"line":141,"column":3141},"end":{"line":141,"column":3319}},"123":{"start":{"line":141,"column":3321},"end":{"line":141,"column":3358}},"124":{"start":{"line":141,"column":3368},"end":{"line":141,"column":3661}},"125":{"start":{"line":141,"column":3679},"end":{"line":141,"column":4015}},"126":{"start":{"line":141,"column":3697},"end":{"line":141,"column":3711}},"127":{"start":{"line":141,"column":3714},"end":{"line":141,"column":3721}},"128":{"start":{"line":141,"column":3724},"end":{"line":141,"column":3776}},"129":{"start":{"line":141,"column":3779},"end":{"line":141,"column":3831}},"130":{"start":{"line":141,"column":3832},"end":{"line":141,"column":4014}},"131":{"start":{"line":141,"column":4016},"end":{"line":141,"column":4056}},"132":{"start":{"line":141,"column":4069},"end":{"line":141,"column":4371}},"133":{"start":{"line":141,"column":4389},"end":{"line":141,"column":4816}},"134":{"start":{"line":141,"column":4407},"end":{"line":141,"column":4421}},"135":{"start":{"line":141,"column":4424},"end":{"line":141,"column":4431}},"136":{"start":{"line":141,"column":4434},"end":{"line":141,"column":4486}},"137":{"start":{"line":141,"column":4489},"end":{"line":141,"column":4631}},"138":{"start":{"line":141,"column":4549},"end":{"line":141,"column":4575}},"139":{"start":{"line":141,"column":4632},"end":{"line":141,"column":4815}},"140":{"start":{"line":141,"column":4817},"end":{"line":141,"column":4943}},"141":{"start":{"line":141,"column":4956},"end":{"line":141,"column":5258}},"142":{"start":{"line":141,"column":5276},"end":{"line":141,"column":5678}},"143":{"start":{"line":141,"column":5294},"end":{"line":141,"column":5308}},"144":{"start":{"line":141,"column":5311},"end":{"line":141,"column":5318}},"145":{"start":{"line":141,"column":5321},"end":{"line":141,"column":5373}},"146":{"start":{"line":141,"column":5376},"end":{"line":141,"column":5478}},"147":{"start":{"line":141,"column":5425},"end":{"line":141,"column":5453}},"148":{"start":{"line":141,"column":5479},"end":{"line":141,"column":5677}},"149":{"start":{"line":141,"column":5679},"end":{"line":141,"column":5719}},"150":{"start":{"line":141,"column":5732},"end":{"line":141,"column":6034}},"151":{"start":{"line":141,"column":6049},"end":{"line":141,"column":6444}},"152":{"start":{"line":141,"column":6067},"end":{"line":141,"column":6081}},"153":{"start":{"line":141,"column":6084},"end":{"line":141,"column":6091}},"154":{"start":{"line":141,"column":6094},"end":{"line":141,"column":6146}},"155":{"start":{"line":141,"column":6149},"end":{"line":141,"column":6251}},"156":{"start":{"line":141,"column":6198},"end":{"line":141,"column":6226}},"157":{"start":{"line":141,"column":6252},"end":{"line":141,"column":6443}},"158":{"start":{"line":141,"column":6445},"end":{"line":141,"column":6482}},"159":{"start":{"line":141,"column":6492},"end":{"line":141,"column":6785}},"160":{"start":{"line":147,"column":0},"end":{"line":147,"column":48}},"161":{"start":{"line":153,"column":0},"end":{"line":153,"column":53}},"162":{"start":{"line":159,"column":0},"end":{"line":159,"column":43}},"163":{"start":{"line":165,"column":0},"end":{"line":165,"column":46}},"164":{"start":{"line":171,"column":0},"end":{"line":171,"column":85}},"165":{"start":{"line":177,"column":0},"end":{"line":177,"column":79}},"166":{"start":{"line":183,"column":0},"end":{"line":183,"column":81}},"167":{"start":{"line":189,"column":0},"end":{"line":189,"column":82}},"168":{"start":{"line":195,"column":0},"end":{"line":195,"column":86}},"169":{"start":{"line":201,"column":0},"end":{"line":201,"column":86}},"170":{"start":{"line":207,"column":0},"end":{"line":207,"column":34}},"171":{"start":{"line":213,"column":0},"end":{"line":213,"column":39}}},"fnMap":{"0":{"name":"webpackUniversalModuleDefinition","decl":{"start":{"line":30,"column":10},"end":{"line":30,"column":42}},"loc":{"start":{"line":30,"column":58},"end":{"line":39,"column":1}},"line":30},"1":{"name":"(anonymous_1)","decl":{"start":{"line":39,"column":9},"end":{"line":39,"column":10}},"loc":{"start":{"line":39,"column":393},"end":{"line":217,"column":1}},"line":39},"2":{"name":"(anonymous_2)","decl":{"start":{"line":40,"column":17},"end":{"line":40,"column":18}},"loc":{"start":{"line":40,"column":35},"end":{"line":103,"column":10}},"line":40},"3":{"name":"__webpack_require__","decl":{"start":{"line":45,"column":19},"end":{"line":45,"column":38}},"loc":{"start":{"line":45,"column":49},"end":{"line":66,"column":11}},"line":45},"4":{"name":"(anonymous_4)","decl":{"start":{"line":76,"column":34},"end":{"line":76,"column":35}},"loc":{"start":{"line":76,"column":66},"end":{"line":84,"column":11}},"line":76},"5":{"name":"(anonymous_5)","decl":{"start":{"line":87,"column":34},"end":{"line":87,"column":35}},"loc":{"start":{"line":87,"column":51},"end":{"line":93,"column":11}},"line":87},"6":{"name":"getDefault","decl":{"start":{"line":89,"column":21},"end":{"line":89,"column":31}},"loc":{"start":{"line":89,"column":34},"end":{"line":89,"column":63}},"line":89},"7":{"name":"getModuleExports","decl":{"start":{"line":90,"column":21},"end":{"line":90,"column":37}},"loc":{"start":{"line":90,"column":40},"end":{"line":90,"column":58}},"line":90},"8":{"name":"(anonymous_8)","decl":{"start":{"line":96,"column":34},"end":{"line":96,"column":35}},"loc":{"start":{"line":96,"column":61},"end":{"line":96,"column":127}},"line":96},"9":{"name":"(anonymous_9)","decl":{"start":{"line":107,"column":7},"end":{"line":107,"column":8}},"loc":{"start":{"line":107,"column":66},"end":{"line":143,"column":7}},"line":107},"10":{"name":"(anonymous_10)","decl":{"start":{"line":111,"column":90},"end":{"line":111,"column":91}},"loc":{"start":{"line":111,"column":101},"end":{"line":111,"column":125}},"line":111},"11":{"name":"(anonymous_11)","decl":{"start":{"line":112,"column":83},"end":{"line":112,"column":84}},"loc":{"start":{"line":112,"column":94},"end":{"line":112,"column":111}},"line":112},"12":{"name":"(anonymous_12)","decl":{"start":{"line":113,"column":86},"end":{"line":113,"column":87}},"loc":{"start":{"line":113,"column":97},"end":{"line":113,"column":117}},"line":113},"13":{"name":"(anonymous_13)","decl":{"start":{"line":114,"column":86},"end":{"line":114,"column":87}},"loc":{"start":{"line":114,"column":97},"end":{"line":114,"column":117}},"line":114},"14":{"name":"(anonymous_14)","decl":{"start":{"line":115,"column":86},"end":{"line":115,"column":87}},"loc":{"start":{"line":115,"column":97},"end":{"line":115,"column":117}},"line":115},"15":{"name":"(anonymous_15)","decl":{"start":{"line":116,"column":83},"end":{"line":116,"column":84}},"loc":{"start":{"line":116,"column":94},"end":{"line":116,"column":111}},"line":116},"16":{"name":"(anonymous_16)","decl":{"start":{"line":141,"column":28},"end":{"line":141,"column":29}},"loc":{"start":{"line":141,"column":39},"end":{"line":141,"column":171}},"line":141},"17":{"name":"_objectWithoutProperties","decl":{"start":{"line":141,"column":181},"end":{"line":141,"column":205}},"loc":{"start":{"line":141,"column":210},"end":{"line":141,"column":316}},"line":141},"18":{"name":"(anonymous_18)","decl":{"start":{"line":141,"column":1237},"end":{"line":141,"column":1238}},"loc":{"start":{"line":141,"column":1247},"end":{"line":141,"column":1366}},"line":141},"19":{"name":"(anonymous_19)","decl":{"start":{"line":141,"column":1384},"end":{"line":141,"column":1385}},"loc":{"start":{"line":141,"column":1397},"end":{"line":141,"column":1690}},"line":141},"20":{"name":"(anonymous_20)","decl":{"start":{"line":141,"column":1467},"end":{"line":141,"column":1468}},"loc":{"start":{"line":141,"column":1478},"end":{"line":141,"column":1686}},"line":141},"21":{"name":"(anonymous_21)","decl":{"start":{"line":141,"column":1556},"end":{"line":141,"column":1557}},"loc":{"start":{"line":141,"column":1566},"end":{"line":141,"column":1672}},"line":141},"22":{"name":"(anonymous_22)","decl":{"start":{"line":141,"column":1700},"end":{"line":141,"column":1701}},"loc":{"start":{"line":141,"column":1711},"end":{"line":141,"column":1938}},"line":141},"23":{"name":"(anonymous_23)","decl":{"start":{"line":141,"column":1954},"end":{"line":141,"column":1955}},"loc":{"start":{"line":141,"column":1965},"end":{"line":141,"column":2145}},"line":141},"24":{"name":"(anonymous_24)","decl":{"start":{"line":141,"column":2159},"end":{"line":141,"column":2160}},"loc":{"start":{"line":141,"column":2170},"end":{"line":141,"column":2987}},"line":141},"25":{"name":"(anonymous_25)","decl":{"start":{"line":141,"column":2177},"end":{"line":141,"column":2178}},"loc":{"start":{"line":141,"column":2188},"end":{"line":141,"column":2875}},"line":141},"26":{"name":"(anonymous_26)","decl":{"start":{"line":141,"column":3002},"end":{"line":141,"column":3003}},"loc":{"start":{"line":141,"column":3013},"end":{"line":141,"column":3320}},"line":141},"27":{"name":"(anonymous_27)","decl":{"start":{"line":141,"column":3679},"end":{"line":141,"column":3680}},"loc":{"start":{"line":141,"column":3690},"end":{"line":141,"column":4015}},"line":141},"28":{"name":"(anonymous_28)","decl":{"start":{"line":141,"column":4389},"end":{"line":141,"column":4390}},"loc":{"start":{"line":141,"column":4400},"end":{"line":141,"column":4816}},"line":141},"29":{"name":"onChange","decl":{"start":{"line":141,"column":4535},"end":{"line":141,"column":4543}},"loc":{"start":{"line":141,"column":4548},"end":{"line":141,"column":4576}},"line":141},"30":{"name":"(anonymous_30)","decl":{"start":{"line":141,"column":5276},"end":{"line":141,"column":5277}},"loc":{"start":{"line":141,"column":5287},"end":{"line":141,"column":5678}},"line":141},"31":{"name":"onChange","decl":{"start":{"line":141,"column":5411},"end":{"line":141,"column":5419}},"loc":{"start":{"line":141,"column":5424},"end":{"line":141,"column":5454}},"line":141},"32":{"name":"(anonymous_32)","decl":{"start":{"line":141,"column":6049},"end":{"line":141,"column":6050}},"loc":{"start":{"line":141,"column":6060},"end":{"line":141,"column":6444}},"line":141},"33":{"name":"onChange","decl":{"start":{"line":141,"column":6184},"end":{"line":141,"column":6192}},"loc":{"start":{"line":141,"column":6197},"end":{"line":141,"column":6227}},"line":141},"34":{"name":"(anonymous_34)","decl":{"start":{"line":145,"column":7},"end":{"line":145,"column":8}},"loc":{"start":{"line":145,"column":33},"end":{"line":149,"column":7}},"line":145},"35":{"name":"(anonymous_35)","decl":{"start":{"line":151,"column":7},"end":{"line":151,"column":8}},"loc":{"start":{"line":151,"column":33},"end":{"line":155,"column":7}},"line":151},"36":{"name":"(anonymous_36)","decl":{"start":{"line":157,"column":7},"end":{"line":157,"column":8}},"loc":{"start":{"line":157,"column":33},"end":{"line":161,"column":7}},"line":157},"37":{"name":"(anonymous_37)","decl":{"start":{"line":163,"column":7},"end":{"line":163,"column":8}},"loc":{"start":{"line":163,"column":33},"end":{"line":167,"column":7}},"line":163},"38":{"name":"(anonymous_38)","decl":{"start":{"line":169,"column":7},"end":{"line":169,"column":8}},"loc":{"start":{"line":169,"column":33},"end":{"line":173,"column":7}},"line":169},"39":{"name":"(anonymous_39)","decl":{"start":{"line":175,"column":7},"end":{"line":175,"column":8}},"loc":{"start":{"line":175,"column":33},"end":{"line":179,"column":7}},"line":175},"40":{"name":"(anonymous_40)","decl":{"start":{"line":181,"column":7},"end":{"line":181,"column":8}},"loc":{"start":{"line":181,"column":33},"end":{"line":185,"column":7}},"line":181},"41":{"name":"(anonymous_41)","decl":{"start":{"line":187,"column":7},"end":{"line":187,"column":8}},"loc":{"start":{"line":187,"column":33},"end":{"line":191,"column":7}},"line":187},"42":{"name":"(anonymous_42)","decl":{"start":{"line":193,"column":7},"end":{"line":193,"column":8}},"loc":{"start":{"line":193,"column":33},"end":{"line":197,"column":7}},"line":193},"43":{"name":"(anonymous_43)","decl":{"start":{"line":199,"column":7},"end":{"line":199,"column":8}},"loc":{"start":{"line":199,"column":33},"end":{"line":203,"column":7}},"line":199},"44":{"name":"(anonymous_44)","decl":{"start":{"line":205,"column":7},"end":{"line":205,"column":8}},"loc":{"start":{"line":205,"column":33},"end":{"line":209,"column":7}},"line":205},"45":{"name":"(anonymous_45)","decl":{"start":{"line":211,"column":7},"end":{"line":211,"column":8}},"loc":{"start":{"line":211,"column":33},"end":{"line":215,"column":7}},"line":211}},"branchMap":{"0":{"loc":{"start":{"line":31,"column":1},"end":{"line":38,"column":584}},"type":"if","locations":[{"start":{"line":31,"column":1},"end":{"line":38,"column":584}},{"start":{"line":31,"column":1},"end":{"line":38,"column":584}}],"line":31},"1":{"loc":{"start":{"line":31,"column":4},"end":{"line":31,"column":61}},"type":"binary-expr","locations":[{"start":{"line":31,"column":4},"end":{"line":31,"column":31}},{"start":{"line":31,"column":35},"end":{"line":31,"column":61}}],"line":31},"2":{"loc":{"start":{"line":33,"column":6},"end":{"line":38,"column":584}},"type":"if","locations":[{"start":{"line":33,"column":6},"end":{"line":38,"column":584}},{"start":{"line":33,"column":6},"end":{"line":38,"column":584}}],"line":33},"3":{"loc":{"start":{"line":33,"column":9},"end":{"line":33,"column":51}},"type":"binary-expr","locations":[{"start":{"line":33,"column":9},"end":{"line":33,"column":37}},{"start":{"line":33,"column":41},"end":{"line":33,"column":51}}],"line":33},"4":{"loc":{"start":{"line":35,"column":6},"end":{"line":38,"column":584}},"type":"if","locations":[{"start":{"line":35,"column":6},"end":{"line":38,"column":584}},{"start":{"line":35,"column":6},"end":{"line":38,"column":584}}],"line":35},"5":{"loc":{"start":{"line":48,"column":11},"end":{"line":50,"column":12}},"type":"if","locations":[{"start":{"line":48,"column":11},"end":{"line":50,"column":12}},{"start":{"line":48,"column":11},"end":{"line":50,"column":12}}],"line":48},"6":{"loc":{"start":{"line":77,"column":11},"end":{"line":83,"column":12}},"type":"if","locations":[{"start":{"line":77,"column":11},"end":{"line":83,"column":12}},{"start":{"line":77,"column":11},"end":{"line":83,"column":12}}],"line":77},"7":{"loc":{"start":{"line":88,"column":24},"end":{"line":90,"column":58}},"type":"cond-expr","locations":[{"start":{"line":89,"column":12},"end":{"line":89,"column":63}},{"start":{"line":90,"column":12},"end":{"line":90,"column":58}}],"line":88},"8":{"loc":{"start":{"line":88,"column":24},"end":{"line":88,"column":51}},"type":"binary-expr","locations":[{"start":{"line":88,"column":24},"end":{"line":88,"column":30}},{"start":{"line":88,"column":34},"end":{"line":88,"column":51}}],"line":88},"9":{"loc":{"start":{"line":141,"column":13},"end":{"line":141,"column":171}},"type":"binary-expr","locations":[{"start":{"line":141,"column":13},"end":{"line":141,"column":26}},{"start":{"line":141,"column":28},"end":{"line":141,"column":171}}],"line":141},"10":{"loc":{"start":{"line":141,"column":107},"end":{"line":141,"column":161}},"type":"binary-expr","locations":[{"start":{"line":141,"column":107},"end":{"line":141,"column":148}},{"start":{"line":141,"column":151},"end":{"line":141,"column":160}}],"line":141},"11":{"loc":{"start":{"line":141,"column":235},"end":{"line":141,"column":306}},"type":"binary-expr","locations":[{"start":{"line":141,"column":235},"end":{"line":141,"column":250}},{"start":{"line":141,"column":252},"end":{"line":141,"column":293}},{"start":{"line":141,"column":296},"end":{"line":141,"column":305}}],"line":141},"12":{"loc":{"start":{"line":141,"column":1479},"end":{"line":141,"column":1685}},"type":"if","locations":[{"start":{"line":141,"column":1479},"end":{"line":141,"column":1685}},{"start":{"line":141,"column":1479},"end":{"line":141,"column":1685}}],"line":141},"13":{"loc":{"start":{"line":141,"column":1745},"end":{"line":141,"column":1937}},"type":"cond-expr","locations":[{"start":{"line":141,"column":1750},"end":{"line":141,"column":1932}},{"start":{"line":141,"column":1933},"end":{"line":141,"column":1937}}],"line":141},"14":{"loc":{"start":{"line":141,"column":1745},"end":{"line":141,"column":1749}},"type":"binary-expr","locations":[{"start":{"line":141,"column":1745},"end":{"line":141,"column":1746}},{"start":{"line":141,"column":1748},"end":{"line":141,"column":1749}}],"line":141},"15":{"loc":{"start":{"line":141,"column":2047},"end":{"line":141,"column":2051}},"type":"binary-expr","locations":[{"start":{"line":141,"column":2047},"end":{"line":141,"column":2048}},{"start":{"line":141,"column":2050},"end":{"line":141,"column":2051}}],"line":141},"16":{"loc":{"start":{"line":141,"column":2063},"end":{"line":141,"column":2068}},"type":"binary-expr","locations":[{"start":{"line":141,"column":2063},"end":{"line":141,"column":2064}},{"start":{"line":141,"column":2066},"end":{"line":141,"column":2068}}],"line":141},"17":{"loc":{"start":{"line":141,"column":2075},"end":{"line":141,"column":2080}},"type":"binary-expr","locations":[{"start":{"line":141,"column":2075},"end":{"line":141,"column":2076}},{"start":{"line":141,"column":2078},"end":{"line":141,"column":2080}}],"line":141},"18":{"loc":{"start":{"line":141,"column":2707},"end":{"line":141,"column":2715}},"type":"cond-expr","locations":[{"start":{"line":141,"column":2709},"end":{"line":141,"column":2710}},{"start":{"line":141,"column":2711},"end":{"line":141,"column":2715}}],"line":141},"19":{"loc":{"start":{"line":141,"column":2911},"end":{"line":141,"column":2945}},"type":"binary-expr","locations":[{"start":{"line":141,"column":2911},"end":{"line":141,"column":2924}},{"start":{"line":141,"column":2926},"end":{"line":141,"column":2932}},{"start":{"line":141,"column":2934},"end":{"line":141,"column":2945}}],"line":141}},"s":{"0":2,"1":2,"2":2,"3":0,"4":0,"5":0,"6":0,"7":0,"8":2,"9":2,"10":26,"11":0,"12":26,"13":26,"14":26,"15":26,"16":2,"17":2,"18":2,"19":36,"20":36,"21":2,"22":24,"23":80,"24":129,"25":24,"26":24,"27":2,"28":36,"29":2,"30":2,"31":2,"32":2,"33":1,"34":2,"35":4,"36":2,"37":4,"38":2,"39":3,"40":2,"41":4,"42":2,"43":4,"44":2,"45":2,"46":2,"47":2,"48":2,"49":2,"50":2,"51":2,"52":2,"53":2,"54":2,"55":2,"56":2,"57":2,"58":2,"59":2,"60":2,"61":2,"62":2,"63":2,"64":2,"65":2,"66":2,"67":2,"68":2,"69":0,"70":0,"71":0,"72":0,"73":40,"74":40,"75":237,"76":40,"77":2,"78":2,"79":2,"80":21,"81":42,"82":21,"83":2,"84":19,"85":95,"86":0,"87":0,"88":0,"89":0,"90":0,"91":2,"92":21,"93":21,"94":21,"95":2,"96":21,"97":21,"98":21,"99":21,"100":21,"101":21,"102":2,"103":11,"104":21,"105":21,"106":21,"107":21,"108":21,"109":21,"110":21,"111":21,"112":21,"113":21,"114":11,"115":11,"116":11,"117":2,"118":4,"119":4,"120":4,"121":4,"122":4,"123":2,"124":2,"125":2,"126":4,"127":4,"128":4,"129":4,"130":4,"131":2,"132":2,"133":2,"134":3,"135":3,"136":3,"137":3,"138":0,"139":3,"140":2,"141":2,"142":2,"143":4,"144":4,"145":4,"146":4,"147":0,"148":4,"149":2,"150":2,"151":2,"152":4,"153":4,"154":4,"155":4,"156":0,"157":4,"158":2,"159":2,"160":2,"161":2,"162":2,"163":2,"164":2,"165":2,"166":2,"167":2,"168":2,"169":2,"170":2,"171":2},"f":{"0":2,"1":2,"2":2,"3":26,"4":36,"5":24,"6":80,"7":129,"8":36,"9":2,"10":1,"11":4,"12":4,"13":3,"14":4,"15":4,"16":0,"17":40,"18":21,"19":19,"20":95,"21":0,"22":21,"23":21,"24":11,"25":21,"26":4,"27":4,"28":3,"29":0,"30":4,"31":0,"32":4,"33":0,"34":2,"35":2,"36":2,"37":2,"38":2,"39":2,"40":2,"41":2,"42":2,"43":2,"44":2,"45":2},"b":{"0":[2,0],"1":[2,2],"2":[0,0],"3":[0,0],"4":[0,0],"5":[0,26],"6":[36,0],"7":[20,4],"8":[24,24],"9":[2,0],"10":[0,0],"11":[237,104,104],"12":[0,95],"13":[0,21],"14":[21,0],"15":[21,0],"16":[21,2],"17":[21,19],"18":[21,0],"19":[11,1,0]},"_coverageSchema":"332fd63041d2c1bcb487cc26dd0d5f7d97098a6c","hash":"cc3f54690184230f8f7341a7dd1a713873947333"}
}
